<?xml version="1.0" encoding="UTF-8"?>
<!-- Generated by org.testng.reporters.JUnitXMLReporter -->
<testsuite ignored="0" hostname="MindSDET459" failures="0" tests="10" name="Default test" time="142.176" errors="0" timestamp="2022-01-24T23:39:13 GMT+05:30">
  <testcase classname="runner.WebApp" name="HomePage" time="0.439"/>
  <testcase classname="runner.WebApp" name="LocalPage" time="24.494"/>
  <testcase classname="runner.WebApp" name="SignUp" time="3.965"/>
  <testcase classname="runner.WebApp" name="HomepageLogin" time="3.711"/>
  <testcase classname="runner.WebApp" name="AboutPage" time="1.463"/>
  <testcase classname="runner.WebApp" name="ContactPage" time="2.686"/>
  <testcase classname="runner.WebApp" name="OnewayPage" time="11.203"/>
  <testcase classname="runner.WebApp" name="OutstationPage" time="17.592"/>
  <testcase classname="runner.WebApp" name="AirportPage" time="19.665"/>
  <testcase classname="runner.WebApp" name="CorporatePage" time="7.894"/>
</testsuite> <!-- Default test -->
